23:49:49 **** Incremental Build of configuration Release for project homework4 ****
make -j3 all 
Building file: ../src/system_stm32f0xx.c
Building file: ../Utilities/stm32f0_discovery.c
Building file: ../StdPeriph_Driver/src/stm32f0xx_adc.c
Invoking: MCU GCC Compiler
Invoking: MCU GCC Compiler
Invoking: MCU GCC Compiler
/Users/terrencerandall/Documents/Fall_19/ece362/workspace/homework4/Release
arm-none-eabi-gcc -mthumb -mfloat-abi=soft -O3 -Wall -fmessage-length=0 -ffunction-sections -c -MMD -MP -MF"src/system_stm32f0xx.d" -MT"src/system_stm32f0xx.o" -o "src/system_stm32f0xx.o" "../src/system_stm32f0xx.c"
/Users/terrencerandall/Documents/Fall_19/ece362/workspace/homework4/Release
/Users/terrencerandall/Documents/Fall_19/ece362/workspace/homework4/Release
arm-none-eabi-gcc -mthumb -mfloat-abi=soft -O3 -Wall -fmessage-length=0 -ffunction-sections -c -MMD -MP -MF"StdPeriph_Driver/src/stm32f0xx_adc.d" -MT"StdPeriph_Driver/src/stm32f0xx_adc.o" -o "StdPeriph_Driver/src/stm32f0xx_adc.o" "../StdPeriph_Driver/src/stm32f0xx_adc.c"
arm-none-eabi-gcc -mthumb -mfloat-abi=soft -O3 -Wall -fmessage-length=0 -ffunction-sections -c -MMD -MP -MF"Utilities/stm32f0_discovery.d" -MT"Utilities/stm32f0_discovery.o" -o "Utilities/stm32f0_discovery.o" "../Utilities/stm32f0_discovery.c"
In file included from ../Utilities/stm32f0_discovery.c:30:0:
../Utilities/stm32f0_discovery.h:38:10: fatal error: stm32f0xx.h: No such file or directory
 #include "stm32f0xx.h"
          ^~~~~~~~~~~~~
compilation terminated.
make: *** [Utilities/stm32f0_discovery.o] Error 1
../StdPeriph_Driver/src/stm32f0xx_adc.c:76:10: fatal error: stm32f0xx_adc.h: No such file or directory
 #include "stm32f0xx_adc.h"
          ^~~~~~~~~~~~~~~~~
make: *** Waiting for unfinished jobs....
compilation terminated.
../src/system_stm32f0xx.c:84:10: fatal error: stm32f0xx.h: No such file or directory
 #include "stm32f0xx.h"
          ^~~~~~~~~~~~~
compilation terminated.
make: *** [StdPeriph_Driver/src/stm32f0xx_adc.o] Error 1
make: *** [src/system_stm32f0xx.o] Error 1

23:49:49 Build Finished (took 140ms)

